0 info it worked if it ends with ok
1 verbose cli [ '/usr/bin/node',
1 verbose cli   '/usr/bin/npm',
1 verbose cli   'install',
1 verbose cli   '--global',
1 verbose cli   'babel-cli' ]
2 info using npm@1.4.28
3 info using node@v0.10.37
4 verbose node symlink /usr/bin/node
5 verbose cache add [ 'babel-cli', null ]
6 verbose cache add name=undefined spec="babel-cli" args=["babel-cli",null]
7 verbose parsed url { protocol: null,
7 verbose parsed url   slashes: null,
7 verbose parsed url   auth: null,
7 verbose parsed url   host: null,
7 verbose parsed url   port: null,
7 verbose parsed url   hostname: null,
7 verbose parsed url   hash: null,
7 verbose parsed url   search: null,
7 verbose parsed url   query: null,
7 verbose parsed url   pathname: 'babel-cli',
7 verbose parsed url   path: 'babel-cli',
7 verbose parsed url   href: 'babel-cli' }
8 silly lockFile a7787cd8-babel-cli babel-cli
9 verbose lock babel-cli /home/chris/.npm/a7787cd8-babel-cli.lock
10 silly lockFile a7787cd8-babel-cli babel-cli
11 silly lockFile a7787cd8-babel-cli babel-cli
12 verbose addNamed [ 'babel-cli', '' ]
13 verbose addNamed [ null, '*' ]
14 silly lockFile eb0cb740-babel-cli babel-cli@
15 verbose lock babel-cli@ /home/chris/.npm/eb0cb740-babel-cli.lock
16 silly addNameRange { name: 'babel-cli', range: '*', hasData: false }
17 verbose request where is /babel-cli
18 verbose request registry https://registry.npmjs.org/
19 verbose request id 52e7277cca37a026
20 verbose url raw /babel-cli
21 verbose url resolving [ 'https://registry.npmjs.org/', './babel-cli' ]
22 verbose url resolved https://registry.npmjs.org/babel-cli
23 verbose request where is https://registry.npmjs.org/babel-cli
24 info trying registry request attempt 1 at 14:08:31
25 http GET https://registry.npmjs.org/babel-cli
26 http 200 https://registry.npmjs.org/babel-cli
27 silly registry.get cb [ 200,
27 silly registry.get   { server: 'CouchDB/1.5.0 (Erlang OTP/R16B03)',
27 silly registry.get     etag: '"8INV25J6EGX26M1FGIGD1TLHQ"',
27 silly registry.get     'content-type': 'application/json',
27 silly registry.get     'cache-control': 'max-age=300',
27 silly registry.get     'content-length': '45096',
27 silly registry.get     'accept-ranges': 'bytes',
27 silly registry.get     date: 'Sun, 10 Jan 2016 22:08:31 GMT',
27 silly registry.get     via: '1.1 varnish',
27 silly registry.get     age: '0',
27 silly registry.get     connection: 'keep-alive',
27 silly registry.get     'x-served-by': 'cache-sjc3128-SJC',
27 silly registry.get     'x-cache': 'HIT',
27 silly registry.get     'x-cache-hits': '1',
27 silly registry.get     'x-timer': 'S1452463711.685220,VS0,VE36',
27 silly registry.get     vary: 'Accept' } ]
28 silly addNameRange number 2 { name: 'babel-cli', range: '*', hasData: true }
29 silly addNameRange versions [ 'babel-cli',
29 silly addNameRange   [ '6.0.0',
29 silly addNameRange     '6.0.2',
29 silly addNameRange     '6.0.12',
29 silly addNameRange     '6.0.14',
29 silly addNameRange     '6.0.15',
29 silly addNameRange     '6.1.0',
29 silly addNameRange     '6.1.1',
29 silly addNameRange     '6.1.2',
29 silly addNameRange     '6.1.4',
29 silly addNameRange     '6.1.5',
29 silly addNameRange     '6.1.6',
29 silly addNameRange     '6.1.7',
29 silly addNameRange     '6.1.8',
29 silly addNameRange     '6.1.9',
29 silly addNameRange     '6.1.10',
29 silly addNameRange     '6.1.11',
29 silly addNameRange     '6.1.12',
29 silly addNameRange     '6.1.13',
29 silly addNameRange     '6.1.14',
29 silly addNameRange     '6.1.15',
29 silly addNameRange     '6.1.16',
29 silly addNameRange     '6.1.17',
29 silly addNameRange     '6.1.18',
29 silly addNameRange     '6.2.0',
29 silly addNameRange     '6.2.4',
29 silly addNameRange     '6.3.13',
29 silly addNameRange     '6.3.15',
29 silly addNameRange     '6.3.17',
29 silly addNameRange     '6.4.0' ] ]
30 verbose addNamed [ 'babel-cli', '6.4.0' ]
31 verbose addNamed [ '6.4.0', '6.4.0' ]
32 silly lockFile c1037724-babel-cli-6-4-0 babel-cli@6.4.0
33 verbose lock babel-cli@6.4.0 /home/chris/.npm/c1037724-babel-cli-6-4-0.lock
34 silly lockFile 8755ab46-rg-babel-cli-babel-cli-6-4-0-tgz https://registry.npmjs.org/babel-cli/-/babel-cli-6.4.0.tgz
35 verbose lock https://registry.npmjs.org/babel-cli/-/babel-cli-6.4.0.tgz /home/chris/.npm/8755ab46-rg-babel-cli-babel-cli-6-4-0-tgz.lock
36 verbose addRemoteTarball [ 'https://registry.npmjs.org/babel-cli/-/babel-cli-6.4.0.tgz',
36 verbose addRemoteTarball   '964881eebe5a6333ef9460c51067e4c8f11d83f7' ]
37 info retry fetch attempt 1 at 14:08:31
38 verbose fetch to= /tmp/npm-8387-kNoM44ai/registry.npmjs.org/babel-cli/-/babel-cli-6.4.0.tgz
39 http GET https://registry.npmjs.org/babel-cli/-/babel-cli-6.4.0.tgz
40 http 200 https://registry.npmjs.org/babel-cli/-/babel-cli-6.4.0.tgz
41 silly lockFile 8755ab46-rg-babel-cli-babel-cli-6-4-0-tgz https://registry.npmjs.org/babel-cli/-/babel-cli-6.4.0.tgz
42 silly lockFile 8755ab46-rg-babel-cli-babel-cli-6-4-0-tgz https://registry.npmjs.org/babel-cli/-/babel-cli-6.4.0.tgz
43 silly lockFile c1037724-babel-cli-6-4-0 babel-cli@6.4.0
44 silly lockFile c1037724-babel-cli-6-4-0 babel-cli@6.4.0
45 silly lockFile eb0cb740-babel-cli babel-cli@
46 silly lockFile eb0cb740-babel-cli babel-cli@
47 silly resolved [ { name: 'babel-cli',
47 silly resolved     version: '6.4.0',
47 silly resolved     description: 'Babel command line.',
47 silly resolved     author: { name: 'Sebastian McKenzie', email: 'sebmck@gmail.com' },
47 silly resolved     homepage: 'https://babeljs.io/',
47 silly resolved     license: 'MIT',
47 silly resolved     repository:
47 silly resolved      { type: 'git',
47 silly resolved        url: 'https://github.com/babel/babel/tree/master/packages/babel-cli' },
47 silly resolved     dependencies:
47 silly resolved      { 'babel-core': '^6.4.0',
47 silly resolved        'babel-register': '^6.3.13',
47 silly resolved        'babel-polyfill': '^6.3.13',
47 silly resolved        'babel-runtime': '^5.0.0',
47 silly resolved        'bin-version-check': '^2.1.0',
47 silly resolved        chalk: '1.1.1',
47 silly resolved        chokidar: '^1.0.0',
47 silly resolved        commander: '^2.8.1',
47 silly resolved        'convert-source-map': '^1.1.0',
47 silly resolved        'fs-readdir-recursive': '^0.1.0',
47 silly resolved        glob: '^5.0.5',
47 silly resolved        lodash: '^3.2.0',
47 silly resolved        'log-symbols': '^1.0.2',
47 silly resolved        'output-file-sync': '^1.1.0',
47 silly resolved        'path-exists': '^1.0.0',
47 silly resolved        'path-is-absolute': '^1.0.0',
47 silly resolved        request: '^2.65.0',
47 silly resolved        slash: '^1.0.0',
47 silly resolved        'source-map': '^0.5.0',
47 silly resolved        v8flags: '^2.0.10' },
47 silly resolved     devDependencies: { 'babel-helper-fixtures': '^6.3.13' },
47 silly resolved     bin:
47 silly resolved      { 'babel-doctor': './bin/babel-doctor.js',
47 silly resolved        babel: './bin/babel.js',
47 silly resolved        'babel-node': './bin/babel-node.js',
47 silly resolved        'babel-external-helpers': './bin/babel-external-helpers.js' },
47 silly resolved     _id: 'babel-cli@6.4.0',
47 silly resolved     scripts: {},
47 silly resolved     _shasum: '964881eebe5a6333ef9460c51067e4c8f11d83f7',
47 silly resolved     _from: 'babel-cli@',
47 silly resolved     _npmVersion: '3.5.2',
47 silly resolved     _nodeVersion: '5.1.0',
47 silly resolved     _npmUser: { name: 'hzoo', email: 'hi@henryzoo.com' },
47 silly resolved     dist:
47 silly resolved      { shasum: '964881eebe5a6333ef9460c51067e4c8f11d83f7',
47 silly resolved        tarball: 'http://registry.npmjs.org/babel-cli/-/babel-cli-6.4.0.tgz' },
47 silly resolved     maintainers: [ [Object], [Object], [Object], [Object], [Object], [Object] ],
47 silly resolved     directories: {},
47 silly resolved     _resolved: 'https://registry.npmjs.org/babel-cli/-/babel-cli-6.4.0.tgz' } ]
48 info install babel-cli@6.4.0 into /usr/lib
49 info installOne babel-cli@6.4.0
50 verbose lib/node_modules/babel-cli unbuild
51 verbose tar unpack /home/chris/.npm/babel-cli/6.4.0/package.tgz
52 silly lockFile b5941f96-r-usr-lib-node-modules-babel-cli tar:///usr/lib/node_modules/babel-cli
53 verbose lock tar:///usr/lib/node_modules/babel-cli /home/chris/.npm/b5941f96-r-usr-lib-node-modules-babel-cli.lock
54 silly lockFile 3ad58d95--npm-babel-cli-6-4-0-package-tgz tar:///home/chris/.npm/babel-cli/6.4.0/package.tgz
55 verbose lock tar:///home/chris/.npm/babel-cli/6.4.0/package.tgz /home/chris/.npm/3ad58d95--npm-babel-cli-6-4-0-package-tgz.lock
56 silly gunzTarPerm modes [ '775', '664' ]
57 error Error: EACCES, mkdir '/usr/lib/node_modules/babel-cli'
57 error  { [Error: EACCES, mkdir '/usr/lib/node_modules/babel-cli']
57 error   errno: 3,
57 error   code: 'EACCES',
57 error   path: '/usr/lib/node_modules/babel-cli',
57 error   fstream_type: 'Directory',
57 error   fstream_path: '/usr/lib/node_modules/babel-cli',
57 error   fstream_class: 'DirWriter',
57 error   fstream_stack:
57 error    [ '/usr/lib/node_modules/npm/node_modules/fstream/lib/dir-writer.js:36:23',
57 error      '/usr/lib/node_modules/npm/node_modules/mkdirp/index.js:46:53',
57 error      'Object.oncomplete (fs.js:108:15)' ] }
58 error Please try running this command again as root/Administrator.
59 error System Linux 3.19.0-43-generic
60 error command "/usr/bin/node" "/usr/bin/npm" "install" "--global" "babel-cli"
61 error cwd /home/chris/Desktop/react-0.14.3/src
62 error node -v v0.10.37
63 error npm -v 1.4.28
64 error path /usr/lib/node_modules/babel-cli
65 error fstream_path /usr/lib/node_modules/babel-cli
66 error fstream_type Directory
67 error fstream_class DirWriter
68 error code EACCES
69 error errno 3
70 error stack Error: EACCES, mkdir '/usr/lib/node_modules/babel-cli'
71 error fstream_stack /usr/lib/node_modules/npm/node_modules/fstream/lib/dir-writer.js:36:23
71 error fstream_stack /usr/lib/node_modules/npm/node_modules/mkdirp/index.js:46:53
71 error fstream_stack Object.oncomplete (fs.js:108:15)
72 verbose exit [ 3, true ]
